<?xml version="1.0" encoding="UTF-8"?>
<!-- Generated by org.testng.reporters.JUnitXMLReporter -->
<testsuite hostname="arash-VirtualBox" name="Surefire test" tests="20" failures="0" timestamp="15 Apr 2020 01:56:04 GMT" time="0.766" errors="0">
  <testcase name="randomTestAddition on randomTestAddition(com.nackademin.arash_bidarian_assignment02.BasicCalculatorTest)" time="0.038" classname="com.nackademin.arash_bidarian_assignment02.BasicCalculatorTest"/>
  <testcase name="coverageTestAddition on coverageTestAddition(com.nackademin.arash_bidarian_assignment02.BasicCalculatorTest)" time="0.0" classname="com.nackademin.arash_bidarian_assignment02.BasicCalculatorTest"/>
  <testcase name="randomTestSubtraction on randomTestSubtraction(com.nackademin.arash_bidarian_assignment02.BasicCalculatorTest)" time="0.006" classname="com.nackademin.arash_bidarian_assignment02.BasicCalculatorTest"/>
  <testcase name="coverageTestMultiplication on coverageTestMultiplication(com.nackademin.arash_bidarian_assignment02.BasicCalculatorTest)" time="0.0" classname="com.nackademin.arash_bidarian_assignment02.BasicCalculatorTest"/>
  <testcase name="randomTestDivision on randomTestDivision(com.nackademin.arash_bidarian_assignment02.BasicCalculatorTest)" time="0.131" classname="com.nackademin.arash_bidarian_assignment02.BasicCalculatorTest"/>
  <testcase name="coverageTestSubtraction on coverageTestSubtraction(com.nackademin.arash_bidarian_assignment02.BasicCalculatorTest)" time="0.001" classname="com.nackademin.arash_bidarian_assignment02.BasicCalculatorTest"/>
  <testcase name="coverageTestDivision on coverageTestDivision(com.nackademin.arash_bidarian_assignment02.BasicCalculatorTest)" time="0.001" classname="com.nackademin.arash_bidarian_assignment02.BasicCalculatorTest"/>
  <testcase name="randomTestMultiplication on randomTestMultiplication(com.nackademin.arash_bidarian_assignment02.BasicCalculatorTest)" time="0.006" classname="com.nackademin.arash_bidarian_assignment02.BasicCalculatorTest"/>
  <testcase name="coverageTestXToPowOfY on coverageTestXToPowOfY(com.nackademin.arash_bidarian_assignment02.AdvancedCalculatorTest)" time="0.001" classname="com.nackademin.arash_bidarian_assignment02.AdvancedCalculatorTest"/>
  <testcase name="coverageTestCube on coverageTestCube(com.nackademin.arash_bidarian_assignment02.AdvancedCalculatorTest)" time="0.0" classname="com.nackademin.arash_bidarian_assignment02.AdvancedCalculatorTest"/>
  <testcase name="coverageTestTenToPowerOf on coverageTestTenToPowerOf(com.nackademin.arash_bidarian_assignment02.AdvancedCalculatorTest)" time="0.001" classname="com.nackademin.arash_bidarian_assignment02.AdvancedCalculatorTest"/>
  <testcase name="randomTenToPowerOf on randomTenToPowerOf(com.nackademin.arash_bidarian_assignment02.AdvancedCalculatorTest)" time="0.096" classname="com.nackademin.arash_bidarian_assignment02.AdvancedCalculatorTest"/>
  <testcase name="coverageTestInvers on coverageTestInvers(com.nackademin.arash_bidarian_assignment02.AdvancedCalculatorTest)" time="0.0" classname="com.nackademin.arash_bidarian_assignment02.AdvancedCalculatorTest"/>
  <testcase name="coverageTestSquare on coverageTestSquare(com.nackademin.arash_bidarian_assignment02.AdvancedCalculatorTest)" time="0.0" classname="com.nackademin.arash_bidarian_assignment02.AdvancedCalculatorTest"/>
  <testcase name="randomTestAbsValue on randomTestAbsValue(com.nackademin.arash_bidarian_assignment02.AdvancedCalculatorTest)" time="0.15" classname="com.nackademin.arash_bidarian_assignment02.AdvancedCalculatorTest"/>
  <testcase name="randomTestCube on randomTestCube(com.nackademin.arash_bidarian_assignment02.AdvancedCalculatorTest)" time="0.002" classname="com.nackademin.arash_bidarian_assignment02.AdvancedCalculatorTest"/>
  <testcase name="randomTestInvers on randomTestInvers(com.nackademin.arash_bidarian_assignment02.AdvancedCalculatorTest)" time="0.088" classname="com.nackademin.arash_bidarian_assignment02.AdvancedCalculatorTest"/>
  <testcase name="coverageTestAbsValue on coverageTestAbsValue(com.nackademin.arash_bidarian_assignment02.AdvancedCalculatorTest)" time="0.0" classname="com.nackademin.arash_bidarian_assignment02.AdvancedCalculatorTest"/>
  <testcase name="randomTestSquare on randomTestSquare(com.nackademin.arash_bidarian_assignment02.AdvancedCalculatorTest)" time="0.003" classname="com.nackademin.arash_bidarian_assignment02.AdvancedCalculatorTest"/>
  <testcase name="randomTestXToPowOfY on randomTestXToPowOfY(com.nackademin.arash_bidarian_assignment02.AdvancedCalculatorTest)" time="0.003" classname="com.nackademin.arash_bidarian_assignment02.AdvancedCalculatorTest"/>
</testsuite> <!-- Surefire test -->
